<?xml version="1.0" encoding="UTF-8"?>
<!-- Generated by org.testng.reporters.JUnitReportReporter -->
<testsuite hostname="LAPTOP-IFGHVPFF" name="com.qa.testclass.LoginPageTest" tests="3" failures="0" timestamp="12 Jan 2020 22:31:03 GMT" time="79.704" errors="0">
  <testcase name="validateelectronicsTest" time="27.696" classname="com.qa.testclass.LoginPageTest"/>
  <testcase name="walmartTitleTest" time="19.736" classname="com.qa.testclass.LoginPageTest"/>
  <testcase name="validateclickOnMyAccount" time="32.272" classname="com.qa.testclass.LoginPageTest"/>
</testsuite> <!-- com.qa.testclass.LoginPageTest -->
